c:\users\e5617087\source\repos\revisionc++\debug\vc142.pdb
c:\users\e5617087\source\repos\revisionc++\debug\vc142.idb
c:\users\e5617087\source\repos\revisionc++\debug\c_stylearrays.obj
c:\users\e5617087\source\repos\revisionc++\debug\movesemantics.obj
c:\users\e5617087\source\repos\revisionc++\debug\mementopattern.obj
c:\users\e5617087\source\repos\revisionc++\debug\iteratorpattern.obj
c:\users\e5617087\source\repos\revisionc++\debug\interpreterpattern.obj
c:\users\e5617087\source\repos\revisionc++\debug\initmultithreading.obj
c:\users\e5617087\source\repos\revisionc++\debug\factory_method.obj
c:\users\e5617087\source\repos\revisionc++\debug\exception.obj
c:\users\e5617087\source\repos\revisionc++\debug\context.obj
c:\users\e5617087\source\repos\revisionc++\debug\containers.obj
c:\users\e5617087\source\repos\revisionc++\debug\composite.obj
c:\users\e5617087\source\repos\revisionc++\debug\commandpattern.obj
c:\users\e5617087\source\repos\revisionc++\debug\chainofresponsability.obj
c:\users\e5617087\source\repos\revisionc++\debug\builder.obj
c:\users\e5617087\source\repos\revisionc++\debug\bridge.obj
c:\users\e5617087\source\repos\revisionc++\debug\array.obj
c:\users\e5617087\source\repos\revisionc++\debug\algorithm.obj
c:\users\e5617087\source\repos\revisionc++\debug\adapter.obj
c:\users\e5617087\source\repos\revisionc++\debug\abstract_factory.obj
c:\users\e5617087\source\repos\revisionc++\debug\strategypattern.obj
c:\users\e5617087\source\repos\revisionc++\debug\statepattern.obj
c:\users\e5617087\source\repos\revisionc++\debug\stack.obj
c:\users\e5617087\source\repos\revisionc++\debug\solid.obj
c:\users\e5617087\source\repos\revisionc++\debug\singleton.obj
c:\users\e5617087\source\repos\revisionc++\debug\set.obj
c:\users\e5617087\source\repos\revisionc++\debug\queue.obj
c:\users\e5617087\source\repos\revisionc++\debug\prototype.obj
c:\users\e5617087\source\repos\revisionc++\debug\pointers.obj
c:\users\e5617087\source\repos\revisionc++\debug\pair.obj
c:\users\e5617087\source\repos\revisionc++\debug\observer.obj
c:\users\e5617087\source\repos\revisionc++\debug\nullobj.obj
c:\users\e5617087\source\repos\revisionc++\debug\map.obj
c:\users\e5617087\source\repos\revisionc++\debug\main.obj
c:\users\e5617087\source\repos\revisionc++\debug\macros.obj
c:\users\e5617087\source\repos\revisionc++\debug\list.obj
c:\users\e5617087\source\repos\revisionc++\debug\lambda.obj
c:\users\e5617087\source\repos\revisionc++\debug\fctpointer.obj
c:\users\e5617087\source\repos\revisionc++\debug\deque.obj
c:\users\e5617087\source\repos\revisionc++\debug\c_stylestrings.obj
c:\users\e5617087\source\repos\revisionc++\debug\visitorpattern.obj
c:\users\e5617087\source\repos\revisionc++\debug\vector.obj
c:\users\e5617087\source\repos\revisionc++\debug\tuple.obj
c:\users\e5617087\source\repos\revisionc++\debug\templatemethode.obj
c:\users\e5617087\source\repos\revisionc++\debug\string.obj
c:\users\e5617087\source\repos\revisionc++\debug\revisionc++.tlog\cl.command.1.tlog
c:\users\e5617087\source\repos\revisionc++\debug\revisionc++.tlog\cl.read.1.tlog
c:\users\e5617087\source\repos\revisionc++\debug\revisionc++.tlog\cl.write.1.tlog
